[DEBUG 14:05:46] git.cmd Popen(['git', 'version'], cwd=/home/zhu00030/coding/TGCNet, universal_newlines=False, shell=None, istream=None)
[DEBUG 14:05:46] git.cmd Popen(['git', 'version'], cwd=/home/zhu00030/coding/TGCNet, universal_newlines=False, shell=None, istream=None)
[DEBUG 14:05:46] git.cmd Popen(['git', 'diff', '--cached', '--abbrev=40', '--full-index', '--raw'], cwd=/home/zhu00030/coding/TGCNet, universal_newlines=False, shell=None, istream=None)
[DEBUG 14:05:46] git.cmd Popen(['git', 'diff', '--abbrev=40', '--full-index', '--raw'], cwd=/home/zhu00030/coding/TGCNet, universal_newlines=False, shell=None, istream=None)
[DEBUG 14:05:46] git.cmd Popen(['git', 'cat-file', '--batch-check'], cwd=/home/zhu00030/coding/TGCNet, universal_newlines=False, shell=None, istream=<valid stream>)
[DEBUG 14:05:46] git.cmd Popen(['git', 'diff', '--cached', '--abbrev=40', '--full-index', '--raw'], cwd=/home/zhu00030/coding/TGCNet, universal_newlines=False, shell=None, istream=None)
[DEBUG 14:05:46] git.cmd Popen(['git', 'diff', '--abbrev=40', '--full-index', '--raw'], cwd=/home/zhu00030/coding/TGCNet, universal_newlines=False, shell=None, istream=None)
[DEBUG 14:05:46] git.cmd Popen(['git', 'cat-file', '--batch-check'], cwd=/home/zhu00030/coding/TGCNet, universal_newlines=False, shell=None, istream=<valid stream>)
[DEBUG 14:05:46] git.cmd Popen(['git', 'diff', '--cached', '--abbrev=40', '--full-index', '--raw'], cwd=/home/zhu00030/coding/TGCNet, universal_newlines=False, shell=None, istream=None)
[DEBUG 14:05:46] git.cmd Popen(['git', 'diff', '--abbrev=40', '--full-index', '--raw'], cwd=/home/zhu00030/coding/TGCNet, universal_newlines=False, shell=None, istream=None)
[DEBUG 14:05:46] git.cmd Popen(['git', 'cat-file', '--batch-check'], cwd=/home/zhu00030/coding/TGCNet, universal_newlines=False, shell=None, istream=<valid stream>)
[INFO 14:05:46] root Saving to FileStorageObserver in /home/zhu00030/coding/TGCNet/results/sacred/tgcnet/5m_vs_6m.
[DEBUG 14:05:46] pymarl-c Using capture mode "no"
[INFO 14:05:46] pymarl-c Running command 'my_main'
[INFO 14:05:46] pymarl-c Started run with ID "3"
[DEBUG 14:05:46] pymarl-c Starting Heartbeat
[DEBUG 14:05:46] my_main Started
[INFO 14:05:46] my_main Experiment Parameters:
[INFO 14:05:46] my_main 

{   'action_selector': 'epsilon_greedy',
    'add_value_last_step': True,
    'agent': 'tgcnet',
    'agent_output_type': 'q',
    'att_dec_dim': 32,
    'att_enc_dim': 128,
    'batch_size': 32,
    'batch_size_run': 1,
    'buffer_cpu_only': True,
    'buffer_size': 5000,
    'checkpoint_path': '',
    'coarsening_embed_dim': 32,
    'dec_att_heads': 4,
    'double_q': True,
    'dropout': 0,
    'enc_att_heads': 2,
    'env': 'sc2',
    'env_args': {   'continuing_episode': False,
                    'debug': False,
                    'difficulty': '7',
                    'game_version': None,
                    'heuristic_ai': False,
                    'heuristic_rest': False,
                    'map_name': '5m_vs_6m',
                    'move_amount': 2,
                    'obs_all_health': True,
                    'obs_instead_of_state': False,
                    'obs_last_action': False,
                    'obs_own_health': True,
                    'obs_pathing_grid': False,
                    'obs_terrain_height': False,
                    'obs_timestep_number': False,
                    'replay_dir': '',
                    'replay_prefix': '',
                    'reward_death_value': 10,
                    'reward_defeat': 0,
                    'reward_negative_scale': 0.5,
                    'reward_only_positive': True,
                    'reward_scale': True,
                    'reward_scale_rate': 20,
                    'reward_sparse': False,
                    'reward_win': 200,
                    'seed': 701848837,
                    'state_last_action': True,
                    'state_timestep_number': False,
                    'step_mul': 8},
    'epsilon_anneal_time': 50000,
    'epsilon_finish': 0.05,
    'epsilon_start': 1.0,
    'evaluate': False,
    'evaluation_epsilon': 0.0,
    'gamma': 0.99,
    'grad_norm_clip': 10,
    'hidden_dim': 128,
    'hypergroup': None,
    'hypernet_embed': 64,
    'hypernet_layers': 2,
    'label': 'default_label',
    'learner': 'tgc_learner',
    'learner_log_interval': 10000,
    'load_step': 0,
    'local_results_path': 'results',
    'log_interval': 50000,
    'lr': 0.0005,
    'mac': 'tgcnet_mac',
    'mixer': 'coarsen',
    'mixing_embed_dim': 32,
    'name': 'tgcnet',
    'num_layers': 2,
    'obs_agent_id': True,
    'obs_individual_obs': False,
    'obs_last_action': False,
    'optim_alpha': 0.99,
    'optim_eps': 1e-05,
    'render': False,
    'repeat_id': 1,
    'rnn_hidden_dim': 64,
    'runner': 'episode',
    'runner_log_interval': 10000,
    'save_model': True,
    'save_model_interval': 2000000,
    'save_replay': False,
    'seed': 701848837,
    'standardise_returns': False,
    'standardise_rewards': True,
    't_max': 5000000,
    'target_update_interval_or_tau': 200,
    'test_greedy': True,
    'test_interval': 50000,
    'test_nepisode': 100,
    'use_cuda': True,
    'use_rnn': True,
    'use_tensorboard': False}

[INFO 14:05:46] my_main Beginning training for 5000000 timesteps
[INFO 14:05:46] absl Launching SC2: /home/zhu00030/pymarl/3rdparty/StarCraftII/Versions/Base70154/SC2_x64 -listen 127.0.0.1 -port 19530 -dataDir /home/zhu00030/pymarl/3rdparty/StarCraftII/ -tempDir /tmp/sc-1fjsz_34/
[INFO 14:05:47] absl Connecting to: ws://127.0.0.1:19530/sc2api, attempt: 0, running: True
Version: B70326 (SC2.2018Season4)
Build: Nov 27 2018 03:26:30
Command Line: '"/home/zhu00030/pymarl/3rdparty/StarCraftII/Versions/Base70154/SC2_x64" -listen 127.0.0.1 -port 19530 -dataDir /home/zhu00030/pymarl/3rdparty/StarCraftII/ -tempDir /tmp/sc-1fjsz_34/'
Starting up...
Startup Phase 1 complete
[INFO 14:05:48] absl Connecting to: ws://127.0.0.1:19530/sc2api, attempt: 1, running: True
Startup Phase 2 complete
Creating stub renderer...
Listening on: 127.0.0.1:19530
Startup Phase 3 complete. Ready for commands.
[INFO 14:05:49] absl Connecting to: ws://127.0.0.1:19530/sc2api, attempt: 2, running: True
Requesting to join a single player game
Configuring interface options
Configure: raw interface enabled
Configure: feature layer interface disabled
Configure: score interface disabled
Configure: render interface disabled
Entering load game phase.
Launching next game.
Next launch phase started: 2
Next launch phase started: 3
Next launch phase started: 4
Next launch phase started: 5
Next launch phase started: 6
Next launch phase started: 7
Next launch phase started: 8
Game has started.
Sending ResponseJoinGame
[INFO 14:05:52] my_main t_env: 27 / 5000000
[INFO 14:05:52] my_main Estimated time left: 8 minutes, 58 seconds. Time passed: 5 seconds
[INFO 14:07:15] my_main Saving models to results/models/tgcnet_seed701848837_5m_vs_6m_2025-11-16_14-05-46/27
