/home/han00021/anaconda3/envs/transfer/lib/python3.9/site-packages/munch/__init__.py:24: UserWarning: pkg_resources is deprecated as an API. See https://setuptools.pypa.io/en/latest/pkg_resources.html. The pkg_resources package is slated for removal as early as 2025-11-30. Refrain from using this package or pin to Setuptools<81.
  import pkg_resources
[DEBUG 14:29:40] git.cmd Popen(['git', 'version'], cwd=/home/han00021/coding/ValueComm, universal_newlines=False, shell=None, istream=None)
[DEBUG 14:29:40] git.cmd Popen(['git', 'version'], cwd=/home/han00021/coding/ValueComm, universal_newlines=False, shell=None, istream=None)
[DEBUG 14:29:40] git.cmd Popen(['git', 'diff', '--cached', '--abbrev=40', '--full-index', '--raw'], cwd=/home/han00021/coding/ValueComm, universal_newlines=False, shell=None, istream=None)
[DEBUG 14:29:40] git.cmd Popen(['git', 'diff', '--abbrev=40', '--full-index', '--raw'], cwd=/home/han00021/coding/ValueComm, universal_newlines=False, shell=None, istream=None)
[DEBUG 14:29:40] git.cmd Popen(['git', 'cat-file', '--batch-check'], cwd=/home/han00021/coding/ValueComm, universal_newlines=False, shell=None, istream=<valid stream>)
[DEBUG 14:29:40] git.cmd Popen(['git', 'diff', '--cached', '--abbrev=40', '--full-index', '--raw'], cwd=/home/han00021/coding/ValueComm, universal_newlines=False, shell=None, istream=None)
[DEBUG 14:29:40] git.cmd Popen(['git', 'diff', '--abbrev=40', '--full-index', '--raw'], cwd=/home/han00021/coding/ValueComm, universal_newlines=False, shell=None, istream=None)
[DEBUG 14:29:40] git.cmd Popen(['git', 'cat-file', '--batch-check'], cwd=/home/han00021/coding/ValueComm, universal_newlines=False, shell=None, istream=<valid stream>)
[DEBUG 14:29:40] git.cmd Popen(['git', 'diff', '--cached', '--abbrev=40', '--full-index', '--raw'], cwd=/home/han00021/coding/ValueComm, universal_newlines=False, shell=None, istream=None)
[DEBUG 14:29:41] git.cmd Popen(['git', 'diff', '--abbrev=40', '--full-index', '--raw'], cwd=/home/han00021/coding/ValueComm, universal_newlines=False, shell=None, istream=None)
[DEBUG 14:29:41] git.cmd Popen(['git', 'cat-file', '--batch-check'], cwd=/home/han00021/coding/ValueComm, universal_newlines=False, shell=None, istream=<valid stream>)
[INFO 14:29:41] root Saving to FileStorageObserver in /home/han00021/coding/ValueComm/results/sacred/maic/5m_vs_6m.
[DEBUG 14:29:41] pymarl-c Using capture mode "no"
[INFO 14:29:41] pymarl-c Running command 'my_main'
[INFO 14:29:41] pymarl-c Started run with ID "6"
[DEBUG 14:29:41] pymarl-c Starting Heartbeat
[DEBUG 14:29:41] my_main Started
[INFO 14:29:41] my_main Experiment Parameters:
[INFO 14:29:41] my_main 

{   'action_selector': 'epsilon_greedy',
    'add_value_last_step': True,
    'agent': 'maic',
    'agent_output_type': 'q',
    'attention_dim': 32,
    'batch_size': 32,
    'batch_size_run': 1,
    'buffer_cpu_only': True,
    'buffer_size': 5000,
    'checkpoint_path': '',
    'double_q': True,
    'entropy_loss_weight': 0.01,
    'env': 'sc2',
    'env_args': {   'continuing_episode': False,
                    'debug': False,
                    'difficulty': '7',
                    'game_version': None,
                    'heuristic_ai': False,
                    'heuristic_rest': False,
                    'map_name': '5m_vs_6m',
                    'move_amount': 2,
                    'obs_all_health': True,
                    'obs_instead_of_state': False,
                    'obs_last_action': False,
                    'obs_own_health': True,
                    'obs_pathing_grid': False,
                    'obs_terrain_height': False,
                    'obs_timestep_number': False,
                    'replay_dir': '',
                    'replay_prefix': '',
                    'reward_death_value': 10,
                    'reward_defeat': 0,
                    'reward_negative_scale': 0.5,
                    'reward_only_positive': True,
                    'reward_scale': True,
                    'reward_scale_rate': 20,
                    'reward_sparse': False,
                    'reward_win': 200,
                    'seed': 670281691,
                    'state_last_action': True,
                    'state_timestep_number': False,
                    'step_mul': 8},
    'epsilon_anneal_time': 50000,
    'epsilon_finish': 0.05,
    'epsilon_start': 1.0,
    'evaluate': False,
    'evaluation_epsilon': 0.0,
    'gamma': 0.99,
    'grad_norm_clip': 10,
    'hidden_dim': 64,
    'hypergroup': None,
    'hypernet_embed': 64,
    'hypernet_layers': 2,
    'label': 'default_label',
    'latent_dim': 8,
    'learner': 'maic_learner',
    'learner_log_interval': 10000,
    'load_step': 0,
    'local_results_path': 'results',
    'log_interval': 50000,
    'log_weights': True,
    'lr': 0.0005,
    'mac': 'maic_mac',
    'mi_loss_weight': 0.001,
    'mixer': 'qmix',
    'mixing_embed_dim': 32,
    'msg_l1_reg_loss_weight': 0,
    'name': 'maic',
    'nn_hidden_size': 64,
    'obs_agent_id': True,
    'obs_last_action': True,
    'optim_alpha': 0.99,
    'optim_eps': 1e-05,
    'render': False,
    'repeat_id': 1,
    'rnn_hidden_dim': 64,
    'runner': 'episode',
    'runner_log_interval': 10000,
    'save_model': False,
    'save_model_interval': 1000000,
    'save_replay': False,
    'seed': 670281691,
    't_max': 4050000,
    'target_update_interval': 200,
    'test_greedy': True,
    'test_interval': 50000,
    'test_nepisode': 100,
    'use_cuda': True,
    'use_tensorboard': False,
    'var_floor': 0.002}

[INFO 14:29:42] my_main Beginning training for 4050000 timesteps
[INFO 14:29:42] absl Launching SC2: /home/han00021/d/pymarl/3rdparty/StarCraftII/Versions/Base75689/SC2_x64 -listen 127.0.0.1 -port 19281 -dataDir /home/han00021/d/pymarl/3rdparty/StarCraftII/ -tempDir /tmp/sc-v4kwupp5/
[INFO 14:29:42] absl Connecting to: ws://127.0.0.1:19281/sc2api, attempt: 0, running: True
Version: B75689 (SC2.4.10)
Build: Aug 12 2019 17:16:57
Command Line: '"/home/han00021/d/pymarl/3rdparty/StarCraftII/Versions/Base75689/SC2_x64" -listen 127.0.0.1 -port 19281 -dataDir /home/han00021/d/pymarl/3rdparty/StarCraftII/ -tempDir /tmp/sc-v4kwupp5/'
Starting up...
Startup Phase 1 complete
[INFO 14:29:43] absl Connecting to: ws://127.0.0.1:19281/sc2api, attempt: 1, running: True
Startup Phase 2 complete
Creating stub renderer...
Listening on: 127.0.0.1:19281
Startup Phase 3 complete. Ready for commands.
[INFO 14:29:44] absl Connecting to: ws://127.0.0.1:19281/sc2api, attempt: 2, running: True
ConnectHandler: Request from 127.0.0.1:58960 accepted
ReadyHandler: 127.0.0.1:58960 ready
Requesting to join a single player game
Configuring interface options
Configure: raw interface enabled
Configure: feature layer interface disabled
Configure: score interface disabled
Configure: render interface disabled
Launching next game.
Next launch phase started: 2
Next launch phase started: 3
Next launch phase started: 4
Next launch phase started: 5
Next launch phase started: 6
Next launch phase started: 7
Next launch phase started: 8
Game has started.
Using default stable ids, none found at: /home/han00021/d/pymarl/3rdparty/StarCraftII/stableid.json
Successfully loaded stable ids: GameData\stableid.json
Sending ResponseJoinGame
[INFO 14:29:47] my_main t_env: 29 / 4050000
[INFO 14:29:47] my_main Estimated time left: 7 minutes, 20 seconds. Time passed: 5 seconds
